<?xml version="1.0" encoding="UTF-8"?>
<!-- Generated by org.testng.reporters.JUnitXMLReporter -->
<testsuite hostname="DESKTOP-H8EJPV4" ignored="0" name="Test" tests="4" failures="0" timestamp="18 Jul 2020 13:48:28 GMT" time="120.537" errors="0">
  <testcase name="registerTest" time="44.226" classname="com.demo.TestApp"/>
  <testcase name="loginTest" time="27.552" classname="com.demo.TestApp"/>
  <testcase name="searchItemTest" time="13.684" classname="com.demo.TestApp"/>
  <testcase name="addToCartTest" time="18.143" classname="com.demo.TestApp"/>
</testsuite> <!-- Test -->
