<?xml version="1.0" encoding="UTF-8"?>
<!-- Generated by org.testng.reporters.JUnitXMLReporter -->
<testsuite hostname="DESKTOP-H8EJPV4" ignored="0" name="Default test" tests="4" failures="0" timestamp="18 Jul 2020 12:49:16 GMT" time="122.937" errors="0">
  <testcase name="registerTest" time="47.747" classname="com.demo.TestApp"/>
  <testcase name="loginTest" time="26.632" classname="com.demo.TestApp"/>
  <testcase name="search" time="13.702" classname="com.demo.TestApp"/>
  <testcase name="addToCart" time="18.798" classname="com.demo.TestApp"/>
</testsuite> <!-- Default test -->
